# JRE version: OpenJDK Runtime Environment (8.0_152-b02) (build 1.8.0_152-release-1024-b02)
# Java VM: OpenJDK 64-Bit Server VM (25.152-b02 mixed mode windows-amd64 compressed oops)
Heap:
 PSYoungGen      total 390656K, used 286774K [0x00000000e0000000, 0x00000000ff700000, 0x0000000100000000)
  eden space 267776K, 89% used [0x00000000e0000000,0x00000000eeadcc60,0x00000000f0580000)
  from space 122880K, 37% used [0x00000000f0580000,0x00000000f32b0ef8,0x00000000f7d80000)
  to   space 118272K, 0% used [0x00000000f8380000,0x00000000f8380000,0x00000000ff700000)
 ParOldGen       total 378880K, used 272169K [0x00000000a0000000, 0x00000000b7200000, 0x00000000e0000000)
  object space 378880K, 71% used [0x00000000a0000000,0x00000000b09ca5b0,0x00000000b7200000)
 Metaspace       used 181848K, capacity 190448K, committed 197720K, reserved 1216512K
  class space    used 22826K, capacity 24309K, committed 31104K, reserved 1048576K
GC Heap History (10 events):
Event: 8276.229 GC heap before
{Heap before GC invocations=80 (full 11):
 PSYoungGen      total 388608K, used 260096K [0x00000000e0000000, 0x00000000fff80000, 0x0000000100000000)
  eden space 260096K, 100% used [0x00000000e0000000,0x00000000efe00000,0x00000000efe00000)
  from space 128512K, 0% used [0x00000000f7c00000,0x00000000f7c00000,0x00000000ff980000)
  to   space 129024K, 0% used [0x00000000efe00000,0x00000000efe00000,0x00000000f7c00000)
 ParOldGen       total 378880K, used 156316K [0x00000000a0000000, 0x00000000b7200000, 0x00000000e0000000)
  object space 378880K, 41% used [0x00000000a0000000,0x00000000a98a7310,0x00000000b7200000)
 Metaspace       used 163820K, capacity 171188K, committed 190040K, reserved 1208320K
  class space    used 20536K, capacity 21841K, committed 31104K, reserved 1048576K
Event: 8276.437 GC heap after
Heap after GC invocations=80 (full 11):
 PSYoungGen      total 389120K, used 82659K [0x00000000e0000000, 0x0000000100000000, 0x0000000100000000)
  eden space 260096K, 0% used [0x00000000e0000000,0x00000000e0000000,0x00000000efe00000)
  from space 129024K, 64% used [0x00000000efe00000,0x00000000f4eb8ce8,0x00000000f7c00000)
  to   space 132096K, 0% used [0x00000000f7f00000,0x00000000f7f00000,0x0000000100000000)
 ParOldGen       total 378880K, used 156324K [0x00000000a0000000, 0x00000000b7200000, 0x00000000e0000000)
  object space 378880K, 41% used [0x00000000a0000000,0x00000000a98a9310,0x00000000b7200000)
 Metaspace       used 163820K, capacity 171188K, committed 190040K, reserved 1208320K
  class space    used 20536K, capacity 21841K, committed 31104K, reserved 1048576K
}
Event: 8281.391 GC heap before
{Heap before GC invocations=81 (full 11):
 PSYoungGen      total 389120K, used 342755K [0x00000000e0000000, 0x0000000100000000, 0x0000000100000000)
  eden space 260096K, 100% used [0x00000000e0000000,0x00000000efe00000,0x00000000efe00000)
  from space 129024K, 64% used [0x00000000efe00000,0x00000000f4eb8ce8,0x00000000f7c00000)
  to   space 132096K, 0% used [0x00000000f7f00000,0x00000000f7f00000,0x0000000100000000)
 ParOldGen       total 378880K, used 156324K [0x00000000a0000000, 0x00000000b7200000, 0x00000000e0000000)
  object space 378880K, 41% used [0x00000000a0000000,0x00000000a98a9310,0x00000000b7200000)
 Metaspace       used 163868K, capacity 171198K, committed 190040K, reserved 1208320K
  class space    used 20537K, capacity 21842K, committed 31104K, reserved 1048576K
Event: 8284.179 GC heap after
Heap after GC invocations=81 (full 11):
 PSYoungGen      total 391168K, used 34843K [0x00000000e0000000, 0x00000000ffc00000, 0x0000000100000000)
  eden space 263168K, 0% used [0x00000000e0000000,0x00000000e0000000,0x00000000f0100000)
  from space 128000K, 27% used [0x00000000f7f00000,0x00000000fa106cc8,0x00000000ffc00000)
  to   space 128512K, 0% used [0x00000000f0100000,0x00000000f0100000,0x00000000f7e80000)
 ParOldGen       total 378880K, used 191504K [0x00000000a0000000, 0x00000000b7200000, 0x00000000e0000000)
  object space 378880K, 50% used [0x00000000a0000000,0x00000000abb043e0,0x00000000b7200000)
 Metaspace       used 163868K, capacity 171198K, committed 190040K, reserved 1208320K
  class space    used 20537K, capacity 21842K, committed 31104K, reserved 1048576K
}
Event: 8464.448 GC heap before
{Heap before GC invocations=82 (full 11):
 PSYoungGen      total 391168K, used 298011K [0x00000000e0000000, 0x00000000ffc00000, 0x0000000100000000)
  eden space 263168K, 100% used [0x00000000e0000000,0x00000000f0100000,0x00000000f0100000)
  from space 128000K, 27% used [0x00000000f7f00000,0x00000000fa106cc8,0x00000000ffc00000)
  to   space 128512K, 0% used [0x00000000f0100000,0x00000000f0100000,0x00000000f7e80000)
 ParOldGen       total 378880K, used 191504K [0x00000000a0000000, 0x00000000b7200000, 0x00000000e0000000)
  object space 378880K, 50% used [0x00000000a0000000,0x00000000abb043e0,0x00000000b7200000)
 Metaspace       used 174045K, capacity 181528K, committed 191320K, reserved 1210368K
  class space    used 21822K, capacity 23159K, committed 31104K, reserved 1048576K
Event: 8464.546 GC heap after
Heap after GC invocations=82 (full 11):
 PSYoungGen      total 309248K, used 45784K [0x00000000e0000000, 0x00000000ff580000, 0x0000000100000000)
  eden space 263168K, 0% used [0x00000000e0000000,0x00000000e0000000,0x00000000f0100000)
  from space 46080K, 99% used [0x00000000f0100000,0x00000000f2db6368,0x00000000f2e00000)
  to   space 122880K, 0% used [0x00000000f7d80000,0x00000000f7d80000,0x00000000ff580000)
 ParOldGen       total 378880K, used 222020K [0x00000000a0000000, 0x00000000b7200000, 0x00000000e0000000)
  object space 378880K, 58% used [0x00000000a0000000,0x00000000ad8d11a8,0x00000000b7200000)
 Metaspace       used 174045K, capacity 181528K, committed 191320K, reserved 1210368K
  class space    used 21822K, capacity 23159K, committed 31104K, reserved 1048576K
}
Event: 8467.951 GC heap before
{Heap before GC invocations=83 (full 11):
 PSYoungGen      total 309248K, used 308952K [0x00000000e0000000, 0x00000000ff580000, 0x0000000100000000)
  eden space 263168K, 100% used [0x00000000e0000000,0x00000000f0100000,0x00000000f0100000)
  from space 46080K, 99% used [0x00000000f0100000,0x00000000f2db6368,0x00000000f2e00000)
  to   space 122880K, 0% used [0x00000000f7d80000,0x00000000f7d80000,0x00000000ff580000)
 ParOldGen       total 378880K, used 222020K [0x00000000a0000000, 0x00000000b7200000, 0x00000000e0000000)
  object space 378880K, 58% used [0x00000000a0000000,0x00000000ad8d11a8,0x00000000b7200000)
 Metaspace       used 181405K, capacity 189480K, committed 197464K, reserved 1216512K
  class space    used 22754K, capacity 24191K, committed 31104K, reserved 1048576K
Event: 8468.065 GC heap after
Heap after GC invocations=83 (full 11):
 PSYoungGen      total 390656K, used 72878K [0x00000000e0000000, 0x0000000100000000, 0x0000000100000000)
  eden space 267776K, 0% used [0x00000000e0000000,0x00000000e0000000,0x00000000f0580000)
  from space 122880K, 59% used [0x00000000f7d80000,0x00000000fc4ab860,0x00000000ff580000)
  to   space 122880K, 0% used [0x00000000f0580000,0x00000000f0580000,0x00000000f7d80000)
 ParOldGen       total 378880K, used 252787K [0x00000000a0000000, 0x00000000b7200000, 0x00000000e0000000)
  object space 378880K, 66% used [0x00000000a0000000,0x00000000af6dce98,0x00000000b7200000)
 Metaspace       used 181405K, capacity 189480K, committed 197464K, reserved 1216512K
  class space    used 22754K, capacity 24191K, committed 31104K, reserved 1048576K
}
Event: 8469.591 GC heap before
{Heap before GC invocations=84 (full 11):
 PSYoungGen      total 390656K, used 340654K [0x00000000e0000000, 0x0000000100000000, 0x0000000100000000)
  eden space 267776K, 100% used [0x00000000e0000000,0x00000000f0580000,0x00000000f0580000)
  from space 122880K, 59% used [0x00000000f7d80000,0x00000000fc4ab860,0x00000000ff580000)
  to   space 122880K, 0% used [0x00000000f0580000,0x00000000f0580000,0x00000000f7d80000)
 ParOldGen       total 378880K, used 252787K [0x00000000a0000000, 0x00000000b7200000, 0x00000000e0000000)
  object space 378880K, 66% used [0x00000000a0000000,0x00000000af6dce98,0x00000000b7200000)
 Metaspace       used 181495K, capacity 189544K, committed 197720K, reserved 1216512K
  class space    used 22760K, capacity 24191K, committed 31104K, reserved 1048576K
Event: 8469.655 GC heap after
Heap after GC invocations=84 (full 11):
 PSYoungGen      total 390656K, used 46275K [0x00000000e0000000, 0x00000000ff700000, 0x0000000100000000)
  eden space 267776K, 0% used [0x00000000e0000000,0x00000000e0000000,0x00000000f0580000)
  from space 122880K, 37% used [0x00000000f0580000,0x00000000f32b0ef8,0x00000000f7d80000)
  to   space 118272K, 0% used [0x00000000f8380000,0x00000000f8380000,0x00000000ff700000)
 ParOldGen       total 378880K, used 272169K [0x00000000a0000000, 0x00000000b7200000, 0x00000000e0000000)
  object space 378880K, 71% used [0x00000000a0000000,0x00000000b09ca5b0,0x00000000b7200000)
 Metaspace       used 181495K, capacity 189544K, committed 197720K, reserved 1216512K
  class space    used 22760K, capacity 24191K, committed 31104K, reserved 1048576K
}

