# JRE version: OpenJDK Runtime Environment (8.0_152-b02) (build 1.8.0_152-release-1024-b02)
# Java VM: OpenJDK 64-Bit Server VM (25.152-b02 mixed mode windows-amd64 compressed oops)
Heap:
 PSYoungGen      total 390656K, used 247788K [0x00000000e0000000, 0x00000000ff880000, 0x0000000100000000)
  eden space 264192K, 77% used [0x00000000e0000000,0x00000000ec6dc7d0,0x00000000f0200000)
  from space 126464K, 34% used [0x00000000f0200000,0x00000000f2d1ea68,0x00000000f7d80000)
  to   space 119808K, 0% used [0x00000000f8380000,0x00000000f8380000,0x00000000ff880000)
 ParOldGen       total 337920K, used 170559K [0x00000000a0000000, 0x00000000b4a00000, 0x00000000e0000000)
  object space 337920K, 50% used [0x00000000a0000000,0x00000000aa68fcf8,0x00000000b4a00000)
 Metaspace       used 167870K, capacity 174286K, committed 177684K, reserved 1202176K
  class space    used 20851K, capacity 22018K, committed 24636K, reserved 1048576K
GC Heap History (10 events):
Event: 7168.304 GC heap before
{Heap before GC invocations=52 (full 7):
 PSYoungGen      total 357888K, used 240640K [0x00000000e0000000, 0x0000000100000000, 0x0000000100000000)
  eden space 240640K, 100% used [0x00000000e0000000,0x00000000eeb00000,0x00000000eeb00000)
  from space 117248K, 0% used [0x00000000f8d80000,0x00000000f8d80000,0x0000000100000000)
  to   space 141824K, 0% used [0x00000000eeb00000,0x00000000eeb00000,0x00000000f7580000)
 ParOldGen       total 337920K, used 71567K [0x00000000a0000000, 0x00000000b4a00000, 0x00000000e0000000)
  object space 337920K, 21% used [0x00000000a0000000,0x00000000a45e3d28,0x00000000b4a00000)
 Metaspace       used 145274K, capacity 150584K, committed 173076K, reserved 1198080K
  class space    used 18028K, capacity 19021K, committed 24636K, reserved 1048576K
Event: 7168.368 GC heap after
Heap after GC invocations=52 (full 7):
 PSYoungGen      total 382464K, used 46619K [0x00000000e0000000, 0x0000000100000000, 0x0000000100000000)
  eden space 240640K, 0% used [0x00000000e0000000,0x00000000e0000000,0x00000000eeb00000)
  from space 141824K, 32% used [0x00000000eeb00000,0x00000000f1886e38,0x00000000f7580000)
  to   space 134656K, 0% used [0x00000000f7c80000,0x00000000f7c80000,0x0000000100000000)
 ParOldGen       total 337920K, used 71575K [0x00000000a0000000, 0x00000000b4a00000, 0x00000000e0000000)
  object space 337920K, 21% used [0x00000000a0000000,0x00000000a45e5d28,0x00000000b4a00000)
 Metaspace       used 145274K, capacity 150584K, committed 173076K, reserved 1198080K
  class space    used 18028K, capacity 19021K, committed 24636K, reserved 1048576K
}
Event: 7173.713 GC heap before
{Heap before GC invocations=53 (full 7):
 PSYoungGen      total 382464K, used 287259K [0x00000000e0000000, 0x0000000100000000, 0x0000000100000000)
  eden space 240640K, 100% used [0x00000000e0000000,0x00000000eeb00000,0x00000000eeb00000)
  from space 141824K, 32% used [0x00000000eeb00000,0x00000000f1886e38,0x00000000f7580000)
  to   space 134656K, 0% used [0x00000000f7c80000,0x00000000f7c80000,0x0000000100000000)
 ParOldGen       total 337920K, used 71575K [0x00000000a0000000, 0x00000000b4a00000, 0x00000000e0000000)
  object space 337920K, 21% used [0x00000000a0000000,0x00000000a45e5d28,0x00000000b4a00000)
 Metaspace       used 150928K, capacity 156658K, committed 173076K, reserved 1198080K
  class space    used 18753K, capacity 19834K, committed 24636K, reserved 1048576K
Event: 7173.899 GC heap after
Heap after GC invocations=53 (full 7):
 PSYoungGen      total 370176K, used 69108K [0x00000000e0000000, 0x00000000ff400000, 0x0000000100000000)
  eden space 247808K, 0% used [0x00000000e0000000,0x00000000e0000000,0x00000000ef200000)
  from space 122368K, 56% used [0x00000000f7c80000,0x00000000fbffd328,0x00000000ff400000)
  to   space 132096K, 0% used [0x00000000ef200000,0x00000000ef200000,0x00000000f7300000)
 ParOldGen       total 337920K, used 102457K [0x00000000a0000000, 0x00000000b4a00000, 0x00000000e0000000)
  object space 337920K, 30% used [0x00000000a0000000,0x00000000a640e4e0,0x00000000b4a00000)
 Metaspace       used 150928K, capacity 156658K, committed 173076K, reserved 1198080K
  class space    used 18753K, capacity 19834K, committed 24636K, reserved 1048576K
}
Event: 7176.008 GC heap before
{Heap before GC invocations=54 (full 7):
 PSYoungGen      total 370176K, used 316916K [0x00000000e0000000, 0x00000000ff400000, 0x0000000100000000)
  eden space 247808K, 100% used [0x00000000e0000000,0x00000000ef200000,0x00000000ef200000)
  from space 122368K, 56% used [0x00000000f7c80000,0x00000000fbffd328,0x00000000ff400000)
  to   space 132096K, 0% used [0x00000000ef200000,0x00000000ef200000,0x00000000f7300000)
 ParOldGen       total 337920K, used 102457K [0x00000000a0000000, 0x00000000b4a00000, 0x00000000e0000000)
  object space 337920K, 30% used [0x00000000a0000000,0x00000000a640e4e0,0x00000000b4a00000)
 Metaspace       used 151259K, capacity 157104K, committed 173076K, reserved 1198080K
  class space    used 18791K, capacity 19855K, committed 24636K, reserved 1048576K
Event: 7176.088 GC heap after
Heap after GC invocations=54 (full 7):
 PSYoungGen      total 379904K, used 33082K [0x00000000e0000000, 0x0000000100000000, 0x0000000100000000)
  eden space 247808K, 0% used [0x00000000e0000000,0x00000000e0000000,0x00000000ef200000)
  from space 132096K, 25% used [0x00000000ef200000,0x00000000f124ea98,0x00000000f7300000)
  to   space 128000K, 0% used [0x00000000f8300000,0x00000000f8300000,0x0000000100000000)
 ParOldGen       total 337920K, used 121798K [0x00000000a0000000, 0x00000000b4a00000, 0x00000000e0000000)
  object space 337920K, 36% used [0x00000000a0000000,0x00000000a76f1958,0x00000000b4a00000)
 Metaspace       used 151259K, capacity 157104K, committed 173076K, reserved 1198080K
  class space    used 18791K, capacity 19855K, committed 24636K, reserved 1048576K
}
Event: 7356.661 GC heap before
{Heap before GC invocations=55 (full 7):
 PSYoungGen      total 379904K, used 280890K [0x00000000e0000000, 0x0000000100000000, 0x0000000100000000)
  eden space 247808K, 100% used [0x00000000e0000000,0x00000000ef200000,0x00000000ef200000)
  from space 132096K, 25% used [0x00000000ef200000,0x00000000f124ea98,0x00000000f7300000)
  to   space 128000K, 0% used [0x00000000f8300000,0x00000000f8300000,0x0000000100000000)
 ParOldGen       total 337920K, used 121798K [0x00000000a0000000, 0x00000000b4a00000, 0x00000000e0000000)
  object space 337920K, 36% used [0x00000000a0000000,0x00000000a76f1958,0x00000000b4a00000)
 Metaspace       used 151404K, capacity 157340K, committed 173076K, reserved 1198080K
  class space    used 18802K, capacity 19873K, committed 24636K, reserved 1048576K
Event: 7356.733 GC heap after
Heap after GC invocations=55 (full 7):
 PSYoungGen      total 385024K, used 20081K [0x00000000e0000000, 0x00000000ff900000, 0x0000000100000000)
  eden space 264192K, 0% used [0x00000000e0000000,0x00000000e0000000,0x00000000f0200000)
  from space 120832K, 16% used [0x00000000f8300000,0x00000000f969c450,0x00000000ff900000)
  to   space 126464K, 0% used [0x00000000f0200000,0x00000000f0200000,0x00000000f7d80000)
 ParOldGen       total 337920K, used 154221K [0x00000000a0000000, 0x00000000b4a00000, 0x00000000e0000000)
  object space 337920K, 45% used [0x00000000a0000000,0x00000000a969b5d8,0x00000000b4a00000)
 Metaspace       used 151404K, capacity 157340K, committed 173076K, reserved 1198080K
  class space    used 18802K, capacity 19873K, committed 24636K, reserved 1048576K
}
Event: 7367.397 GC heap before
{Heap before GC invocations=56 (full 7):
 PSYoungGen      total 385024K, used 284273K [0x00000000e0000000, 0x00000000ff900000, 0x0000000100000000)
  eden space 264192K, 100% used [0x00000000e0000000,0x00000000f0200000,0x00000000f0200000)
  from space 120832K, 16% used [0x00000000f8300000,0x00000000f969c450,0x00000000ff900000)
  to   space 126464K, 0% used [0x00000000f0200000,0x00000000f0200000,0x00000000f7d80000)
 ParOldGen       total 337920K, used 154221K [0x00000000a0000000, 0x00000000b4a00000, 0x00000000e0000000)
  object space 337920K, 45% used [0x00000000a0000000,0x00000000a969b5d8,0x00000000b4a00000)
 Metaspace       used 163784K, capacity 169874K, committed 174100K, reserved 1198080K
  class space    used 20342K, capacity 21454K, committed 24636K, reserved 1048576K
Event: 7367.475 GC heap after
Heap after GC invocations=56 (full 7):
 PSYoungGen      total 390656K, used 44154K [0x00000000e0000000, 0x00000000ff880000, 0x0000000100000000)
  eden space 264192K, 0% used [0x00000000e0000000,0x00000000e0000000,0x00000000f0200000)
  from space 126464K, 34% used [0x00000000f0200000,0x00000000f2d1ea68,0x00000000f7d80000)
  to   space 119808K, 0% used [0x00000000f8380000,0x00000000f8380000,0x00000000ff880000)
 ParOldGen       total 337920K, used 170559K [0x00000000a0000000, 0x00000000b4a00000, 0x00000000e0000000)
  object space 337920K, 50% used [0x00000000a0000000,0x00000000aa68fcf8,0x00000000b4a00000)
 Metaspace       used 163784K, capacity 169874K, committed 174100K, reserved 1198080K
  class space    used 20342K, capacity 21454K, committed 24636K, reserved 1048576K
}

